baretim-mavi-admob/baretim-mavi-admob/app/build/intermediates/manifest_merge_blame_file/debug/manifest-merger-blame-debug-report.txt
1<?xml version="1.0" encoding="utf-8"?>
2<manifest xmlns:android="http://schemas.android.com/apk/res/android"
3    package="com.bluechip.finance"
4    android:versionCode="117"
5    android:versionName="2.64" >
6
7    <uses-sdk
8        android:minSdkVersion="24"
9        android:targetSdkVersion="35" />
10
11    <uses-permission android:name="android.permission.INTERNET" />
11-->src/main/AndroidManifest.xml:4:5-67
11-->src/main/AndroidManifest.xml:4:22-64
12    <uses-permission android:name="android.permission.POST_NOTIFICATIONS" />
12-->src/main/AndroidManifest.xml:5:5-77
12-->src/main/AndroidManifest.xml:5:22-74
13    <uses-permission android:name="android.permission.RECEIVE_BOOT_COMPLETED" />
13-->src/main/AndroidManifest.xml:6:5-81
13-->src/main/AndroidManifest.xml:6:22-78
14    <uses-permission android:name="android.permission.SCHEDULE_EXACT_ALARM" />
14-->src/main/AndroidManifest.xml:7:5-79
14-->src/main/AndroidManifest.xml:7:22-76
15    <uses-permission android:name="com.android.vending.BILLING" />
15-->src/main/AndroidManifest.xml:8:5-67
15-->src/main/AndroidManifest.xml:8:22-64
16    <uses-permission android:name="android.permission.ACCESS_NETWORK_STATE" />
16-->src/main/AndroidManifest.xml:9:5-79
16-->src/main/AndroidManifest.xml:9:22-76
17
18    <queries>
18-->[com.unity3d.ads:unity-ads:4.16.4] AndroidManifest.xml:8:5-12:15
19        <intent>
19-->[com.unity3d.ads:unity-ads:4.16.4] AndroidManifest.xml:9:9-11:18
20            <action android:name="com.attribution.REFERRAL_PROVIDER" />
20-->[com.unity3d.ads:unity-ads:4.16.4] AndroidManifest.xml:10:13-72
20-->[com.unity3d.ads:unity-ads:4.16.4] AndroidManifest.xml:10:21-69
21        </intent>
22        <intent>
22-->[com.android.billingclient:billing:7.0.0] AndroidManifest.xml:13:9-15:18
23            <action android:name="com.android.vending.billing.InAppBillingService.BIND" />
23-->[com.android.billingclient:billing:7.0.0] AndroidManifest.xml:14:13-91
23-->[com.android.billingclient:billing:7.0.0] AndroidManifest.xml:14:21-88
24        </intent>
25    </queries>
26
27    <uses-permission android:name="com.google.android.gms.permission.AD_ID" />
27-->[com.unity3d.ads:unity-ads:4.16.4] AndroidManifest.xml:16:5-79
27-->[com.unity3d.ads:unity-ads:4.16.4] AndroidManifest.xml:16:22-76
28    <uses-permission android:name="android.permission.ACCESS_ADSERVICES_TOPICS" />
28-->[com.unity3d.ads:unity-ads:4.16.4] AndroidManifest.xml:17:5-83
28-->[com.unity3d.ads:unity-ads:4.16.4] AndroidManifest.xml:17:22-80
29    <uses-permission android:name="android.permission.ACCESS_ADSERVICES_ATTRIBUTION" />
29-->[com.unity3d.ads:unity-ads:4.16.4] AndroidManifest.xml:18:5-88
29-->[com.unity3d.ads:unity-ads:4.16.4] AndroidManifest.xml:18:22-85
30    <uses-permission android:name="android.permission.WAKE_LOCK" />
30-->[com.google.android.gms:play-services-measurement-api:22.0.0] AndroidManifest.xml:24:5-68
30-->[com.google.android.gms:play-services-measurement-api:22.0.0] AndroidManifest.xml:24:22-65
31    <uses-permission android:name="android.permission.ACCESS_ADSERVICES_AD_ID" />
31-->[com.google.android.gms:play-services-measurement-api:22.0.0] AndroidManifest.xml:27:5-82
31-->[com.google.android.gms:play-services-measurement-api:22.0.0] AndroidManifest.xml:27:22-79
32    <uses-permission android:name="android.permission.FOREGROUND_SERVICE" />
32-->[androidx.work:work-runtime:2.9.0] AndroidManifest.xml:26:5-77
32-->[androidx.work:work-runtime:2.9.0] AndroidManifest.xml:26:22-74
33    <uses-permission android:name="com.google.android.finsky.permission.BIND_GET_INSTALL_REFERRER_SERVICE" />
33-->[com.google.android.gms:play-services-measurement:22.0.0] AndroidManifest.xml:26:5-110
33-->[com.google.android.gms:play-services-measurement:22.0.0] AndroidManifest.xml:26:22-107
34
35    <permission
35-->[androidx.core:core:1.12.0] AndroidManifest.xml:22:5-24:47
36        android:name="com.bluechip.finance.DYNAMIC_RECEIVER_NOT_EXPORTED_PERMISSION"
36-->[androidx.core:core:1.12.0] AndroidManifest.xml:23:9-81
37        android:protectionLevel="signature" />
37-->[androidx.core:core:1.12.0] AndroidManifest.xml:24:9-44
38
39    <uses-permission android:name="com.bluechip.finance.DYNAMIC_RECEIVER_NOT_EXPORTED_PERMISSION" />
39-->[androidx.core:core:1.12.0] AndroidManifest.xml:26:5-97
39-->[androidx.core:core:1.12.0] AndroidManifest.xml:26:22-94
40
41    <application
41-->src/main/AndroidManifest.xml:11:5-64:19
42        android:name="com.bluechip.finance.MyApp"
42-->src/main/AndroidManifest.xml:11:18-39
43        android:appComponentFactory="androidx.core.app.CoreComponentFactory"
43-->[androidx.core:core:1.12.0] AndroidManifest.xml:28:18-86
44        android:debuggable="true"
45        android:extractNativeLibs="false"
46        android:hardwareAccelerated="true"
46-->src/main/AndroidManifest.xml:12:9-43
47        android:icon="@mipmap/ic_launcher"
47-->src/main/AndroidManifest.xml:13:9-43
48        android:label="@string/app_name"
48-->src/main/AndroidManifest.xml:15:9-41
49        android:roundIcon="@mipmap/ic_launcher_round"
49-->src/main/AndroidManifest.xml:14:9-54
50        android:theme="@style/AppTheme"
50-->src/main/AndroidManifest.xml:16:9-40
51        android:usesCleartextTraffic="true" >
51-->src/main/AndroidManifest.xml:17:9-44
52        <meta-data
52-->src/main/AndroidManifest.xml:18:9-20:69
53            android:name="com.google.android.gms.ads.APPLICATION_ID"
53-->src/main/AndroidManifest.xml:19:13-69
54            android:value="ca-app-pub-7820582813827252~4806476528" />
54-->src/main/AndroidManifest.xml:20:13-67
55
56        <activity
56-->src/main/AndroidManifest.xml:22:9-29:20
57            android:name="com.bluechip.finance.MainActivity"
57-->src/main/AndroidManifest.xml:23:13-41
58            android:exported="true" >
58-->src/main/AndroidManifest.xml:24:13-36
59            <intent-filter>
59-->src/main/AndroidManifest.xml:25:13-28:29
60                <action android:name="android.intent.action.MAIN" />
60-->src/main/AndroidManifest.xml:26:17-69
60-->src/main/AndroidManifest.xml:26:25-66
61
62                <category android:name="android.intent.category.LAUNCHER" />
62-->src/main/AndroidManifest.xml:27:17-77
62-->src/main/AndroidManifest.xml:27:27-74
63            </intent-filter>
64        </activity>
65
66        <provider
67            android:name="androidx.core.content.FileProvider"
67-->src/main/AndroidManifest.xml:32:13-62
68            android:authorities="com.bluechip.finance.fileprovider"
68-->src/main/AndroidManifest.xml:33:13-64
69            android:exported="false"
69-->src/main/AndroidManifest.xml:34:13-37
70            android:grantUriPermissions="true" >
70-->src/main/AndroidManifest.xml:35:13-47
71            <meta-data
71-->src/main/AndroidManifest.xml:36:13-38:54
72                android:name="android.support.FILE_PROVIDER_PATHS"
72-->src/main/AndroidManifest.xml:37:17-67
73                android:resource="@xml/file_paths" />
73-->src/main/AndroidManifest.xml:38:17-51
74        </provider>
75
76        <!-- App Widget -->
77        <receiver
77-->src/main/AndroidManifest.xml:42:9-52:20
78            android:name="com.bluechip.finance.ui.widget.BaretimWidget"
78-->src/main/AndroidManifest.xml:43:13-52
79            android:exported="true"
79-->src/main/AndroidManifest.xml:44:13-36
80            android:label="Baretim Mavi" >
80-->src/main/AndroidManifest.xml:45:13-41
81            <intent-filter>
81-->src/main/AndroidManifest.xml:46:13-48:29
82                <action android:name="android.appwidget.action.APPWIDGET_UPDATE" />
82-->src/main/AndroidManifest.xml:47:17-83
82-->src/main/AndroidManifest.xml:47:25-81
83            </intent-filter>
84
85            <meta-data
85-->src/main/AndroidManifest.xml:49:13-51:54
86                android:name="android.appwidget.provider"
86-->src/main/AndroidManifest.xml:50:17-58
87                android:resource="@xml/widget_info" />
87-->src/main/AndroidManifest.xml:51:17-52
88        </receiver>
89        <receiver
89-->src/main/AndroidManifest.xml:55:9-62:20
90            android:name="com.bluechip.finance.NotificationReceiver"
90-->src/main/AndroidManifest.xml:56:13-49
91            android:exported="true" >
91-->src/main/AndroidManifest.xml:57:13-36
92            <intent-filter>
92-->src/main/AndroidManifest.xml:58:13-61:29
93                <action android:name="android.intent.action.BOOT_COMPLETED" />
93-->src/main/AndroidManifest.xml:59:17-78
93-->src/main/AndroidManifest.xml:59:25-76
94                <action android:name="android.intent.action.QUICKBOOT_POWERON" />
94-->src/main/AndroidManifest.xml:60:17-81
94-->src/main/AndroidManifest.xml:60:25-79
95            </intent-filter>
96        </receiver>
97
98        <activity
98-->[com.unity3d.ads:unity-ads:4.16.4] AndroidManifest.xml:21:9-27:74
99            android:name="com.unity3d.services.ads.adunit.AdUnitActivity"
99-->[com.unity3d.ads:unity-ads:4.16.4] AndroidManifest.xml:22:13-74
100            android:configChanges="fontScale|keyboard|keyboardHidden|locale|mnc|mcc|navigation|orientation|screenLayout|screenSize|smallestScreenSize|uiMode|touchscreen"
100-->[com.unity3d.ads:unity-ads:4.16.4] AndroidManifest.xml:23:13-170
101            android:enableOnBackInvokedCallback="false"
101-->[com.unity3d.ads:unity-ads:4.16.4] AndroidManifest.xml:24:13-56
102            android:exported="false"
102-->[com.unity3d.ads:unity-ads:4.16.4] AndroidManifest.xml:25:13-37
103            android:hardwareAccelerated="true"
103-->[com.unity3d.ads:unity-ads:4.16.4] AndroidManifest.xml:26:13-47
104            android:theme="@android:style/Theme.NoTitleBar.Fullscreen" />
104-->[com.unity3d.ads:unity-ads:4.16.4] AndroidManifest.xml:27:13-71
105        <activity
105-->[com.unity3d.ads:unity-ads:4.16.4] AndroidManifest.xml:28:9-34:86
106            android:name="com.unity3d.services.ads.adunit.AdUnitTransparentActivity"
106-->[com.unity3d.ads:unity-ads:4.16.4] AndroidManifest.xml:29:13-85
107            android:configChanges="fontScale|keyboard|keyboardHidden|locale|mnc|mcc|navigation|orientation|screenLayout|screenSize|smallestScreenSize|uiMode|touchscreen"
107-->[com.unity3d.ads:unity-ads:4.16.4] AndroidManifest.xml:30:13-170
108            android:enableOnBackInvokedCallback="false"
108-->[com.unity3d.ads:unity-ads:4.16.4] AndroidManifest.xml:31:13-56
109            android:exported="false"
109-->[com.unity3d.ads:unity-ads:4.16.4] AndroidManifest.xml:32:13-37
110            android:hardwareAccelerated="true"
110-->[com.unity3d.ads:unity-ads:4.16.4] AndroidManifest.xml:33:13-47
111            android:theme="@android:style/Theme.Translucent.NoTitleBar.Fullscreen" />
111-->[com.unity3d.ads:unity-ads:4.16.4] AndroidManifest.xml:34:13-83
112        <activity
112-->[com.unity3d.ads:unity-ads:4.16.4] AndroidManifest.xml:35:9-41:86
113            android:name="com.unity3d.services.ads.adunit.AdUnitTransparentSoftwareActivity"
113-->[com.unity3d.ads:unity-ads:4.16.4] AndroidManifest.xml:36:13-93
114            android:configChanges="fontScale|keyboard|keyboardHidden|locale|mnc|mcc|navigation|orientation|screenLayout|screenSize|smallestScreenSize|uiMode|touchscreen"
114-->[com.unity3d.ads:unity-ads:4.16.4] AndroidManifest.xml:37:13-170
115            android:enableOnBackInvokedCallback="false"
115-->[com.unity3d.ads:unity-ads:4.16.4] AndroidManifest.xml:38:13-56
116            android:exported="false"
116-->[com.unity3d.ads:unity-ads:4.16.4] AndroidManifest.xml:39:13-37
117            android:hardwareAccelerated="false"
117-->[com.unity3d.ads:unity-ads:4.16.4] AndroidManifest.xml:40:13-48
118            android:theme="@android:style/Theme.Translucent.NoTitleBar.Fullscreen" />
118-->[com.unity3d.ads:unity-ads:4.16.4] AndroidManifest.xml:41:13-83
119        <activity
119-->[com.unity3d.ads:unity-ads:4.16.4] AndroidManifest.xml:42:9-48:74
120            android:name="com.unity3d.services.ads.adunit.AdUnitSoftwareActivity"
120-->[com.unity3d.ads:unity-ads:4.16.4] AndroidManifest.xml:43:13-82
121            android:configChanges="fontScale|keyboard|keyboardHidden|locale|mnc|mcc|navigation|orientation|screenLayout|screenSize|smallestScreenSize|uiMode|touchscreen"
121-->[com.unity3d.ads:unity-ads:4.16.4] AndroidManifest.xml:44:13-170
122            android:enableOnBackInvokedCallback="false"
122-->[com.unity3d.ads:unity-ads:4.16.4] AndroidManifest.xml:45:13-56
123            android:exported="false"
123-->[com.unity3d.ads:unity-ads:4.16.4] AndroidManifest.xml:46:13-37
124            android:hardwareAccelerated="false"
124-->[com.unity3d.ads:unity-ads:4.16.4] AndroidManifest.xml:47:13-48
125            android:theme="@android:style/Theme.NoTitleBar.Fullscreen" />
125-->[com.unity3d.ads:unity-ads:4.16.4] AndroidManifest.xml:48:13-71
126        <activity
126-->[com.unity3d.ads:unity-ads:4.16.4] AndroidManifest.xml:49:9-55:74
127            android:name="com.unity3d.ads.adplayer.FullScreenWebViewDisplay"
127-->[com.unity3d.ads:unity-ads:4.16.4] AndroidManifest.xml:50:13-77
128            android:configChanges="fontScale|keyboard|keyboardHidden|locale|mnc|mcc|navigation|orientation|screenLayout|screenSize|smallestScreenSize|uiMode|touchscreen"
128-->[com.unity3d.ads:unity-ads:4.16.4] AndroidManifest.xml:51:13-170
129            android:enableOnBackInvokedCallback="false"
129-->[com.unity3d.ads:unity-ads:4.16.4] AndroidManifest.xml:52:13-56
130            android:exported="false"
130-->[com.unity3d.ads:unity-ads:4.16.4] AndroidManifest.xml:53:13-37
131            android:hardwareAccelerated="true"
131-->[com.unity3d.ads:unity-ads:4.16.4] AndroidManifest.xml:54:13-47
132            android:theme="@android:style/Theme.NoTitleBar.Fullscreen" />
132-->[com.unity3d.ads:unity-ads:4.16.4] AndroidManifest.xml:55:13-71
133
134        <provider
134-->[com.unity3d.ads:unity-ads:4.16.4] AndroidManifest.xml:57:9-67:20
135            android:name="androidx.startup.InitializationProvider"
135-->[com.unity3d.ads:unity-ads:4.16.4] AndroidManifest.xml:58:13-67
136            android:authorities="com.bluechip.finance.androidx-startup"
136-->[com.unity3d.ads:unity-ads:4.16.4] AndroidManifest.xml:59:13-68
137            android:exported="false" >
137-->[androidx.work:work-runtime:2.9.0] AndroidManifest.xml:32:13-37
138            <meta-data
138-->[com.unity3d.ads:unity-ads:4.16.4] AndroidManifest.xml:61:13-63:52
139                android:name="androidx.lifecycle.ProcessLifecycleInitializer"
139-->[com.unity3d.ads:unity-ads:4.16.4] AndroidManifest.xml:62:17-78
140                android:value="androidx.startup" />
140-->[com.unity3d.ads:unity-ads:4.16.4] AndroidManifest.xml:63:17-49
141            <meta-data
141-->[com.unity3d.ads:unity-ads:4.16.4] AndroidManifest.xml:64:13-66:52
142                android:name="com.unity3d.services.core.configuration.AdsSdkInitializer"
142-->[com.unity3d.ads:unity-ads:4.16.4] AndroidManifest.xml:65:17-89
143                android:value="androidx.startup" />
143-->[com.unity3d.ads:unity-ads:4.16.4] AndroidManifest.xml:66:17-49
144            <meta-data
144-->[androidx.work:work-runtime:2.9.0] AndroidManifest.xml:34:13-36:52
145                android:name="androidx.work.WorkManagerInitializer"
145-->[androidx.work:work-runtime:2.9.0] AndroidManifest.xml:35:17-68
146                android:value="androidx.startup" />
146-->[androidx.work:work-runtime:2.9.0] AndroidManifest.xml:36:17-49
147            <meta-data
147-->[androidx.emoji2:emoji2:1.3.0] AndroidManifest.xml:29:13-31:52
148                android:name="androidx.emoji2.text.EmojiCompatInitializer"
148-->[androidx.emoji2:emoji2:1.3.0] AndroidManifest.xml:30:17-75
149                android:value="androidx.startup" />
149-->[androidx.emoji2:emoji2:1.3.0] AndroidManifest.xml:31:17-49
150            <meta-data
150-->[androidx.profileinstaller:profileinstaller:1.3.1] AndroidManifest.xml:29:13-31:52
151                android:name="androidx.profileinstaller.ProfileInstallerInitializer"
151-->[androidx.profileinstaller:profileinstaller:1.3.1] AndroidManifest.xml:30:17-85
152                android:value="androidx.startup" />
152-->[androidx.profileinstaller:profileinstaller:1.3.1] AndroidManifest.xml:31:17-49
153        </provider>
154
155        <meta-data
155-->[com.android.billingclient:billing:7.0.0] AndroidManifest.xml:19:9-21:37
156            android:name="com.google.android.play.billingclient.version"
156-->[com.android.billingclient:billing:7.0.0] AndroidManifest.xml:20:13-73
157            android:value="7.0.0" />
157-->[com.android.billingclient:billing:7.0.0] AndroidManifest.xml:21:13-34
158
159        <activity
159-->[com.android.billingclient:billing:7.0.0] AndroidManifest.xml:23:9-27:75
160            android:name="com.android.billingclient.api.ProxyBillingActivity"
160-->[com.android.billingclient:billing:7.0.0] AndroidManifest.xml:24:13-78
161            android:configChanges="keyboard|keyboardHidden|screenLayout|screenSize|orientation"
161-->[com.android.billingclient:billing:7.0.0] AndroidManifest.xml:25:13-96
162            android:exported="false"
162-->[com.android.billingclient:billing:7.0.0] AndroidManifest.xml:26:13-37
163            android:theme="@android:style/Theme.Translucent.NoTitleBar" />
163-->[com.android.billingclient:billing:7.0.0] AndroidManifest.xml:27:13-72
164        <activity
164-->[com.android.billingclient:billing:7.0.0] AndroidManifest.xml:28:9-32:75
165            android:name="com.android.billingclient.api.ProxyBillingActivityV2"
165-->[com.android.billingclient:billing:7.0.0] AndroidManifest.xml:29:13-80
166            android:configChanges="keyboard|keyboardHidden|screenLayout|screenSize|orientation"
166-->[com.android.billingclient:billing:7.0.0] AndroidManifest.xml:30:13-96
167            android:exported="false"
167-->[com.android.billingclient:billing:7.0.0] AndroidManifest.xml:31:13-37
168            android:theme="@android:style/Theme.Translucent.NoTitleBar" />
168-->[com.android.billingclient:billing:7.0.0] AndroidManifest.xml:32:13-72
169
170        <service
170-->[com.google.firebase:firebase-config-ktx:22.0.0] AndroidManifest.xml:9:9-15:19
171            android:name="com.google.firebase.components.ComponentDiscoveryService"
171-->[com.google.firebase:firebase-config-ktx:22.0.0] AndroidManifest.xml:10:13-84
172            android:directBootAware="true"
172-->[com.google.firebase:firebase-common:21.0.0] AndroidManifest.xml:32:13-43
173            android:exported="false" >
173-->[com.google.firebase:firebase-config-ktx:22.0.0] AndroidManifest.xml:11:13-37
174            <meta-data
174-->[com.google.firebase:firebase-config-ktx:22.0.0] AndroidManifest.xml:12:13-14:85
175                android:name="com.google.firebase.components:com.google.firebase.remoteconfig.ktx.FirebaseConfigLegacyRegistrar"
175-->[com.google.firebase:firebase-config-ktx:22.0.0] AndroidManifest.xml:13:17-129
176                android:value="com.google.firebase.components.ComponentRegistrar" />
176-->[com.google.firebase:firebase-config-ktx:22.0.0] AndroidManifest.xml:14:17-82
177            <meta-data
177-->[com.google.firebase:firebase-config:22.0.0] AndroidManifest.xml:29:13-31:85
178                android:name="com.google.firebase.components:com.google.firebase.remoteconfig.FirebaseRemoteConfigKtxRegistrar"
178-->[com.google.firebase:firebase-config:22.0.0] AndroidManifest.xml:30:17-128
179                android:value="com.google.firebase.components.ComponentRegistrar" />
179-->[com.google.firebase:firebase-config:22.0.0] AndroidManifest.xml:31:17-82
180            <meta-data
180-->[com.google.firebase:firebase-config:22.0.0] AndroidManifest.xml:32:13-34:85
181                android:name="com.google.firebase.components:com.google.firebase.remoteconfig.RemoteConfigRegistrar"
181-->[com.google.firebase:firebase-config:22.0.0] AndroidManifest.xml:33:17-117
182                android:value="com.google.firebase.components.ComponentRegistrar" />
182-->[com.google.firebase:firebase-config:22.0.0] AndroidManifest.xml:34:17-82
183            <meta-data
183-->[com.google.firebase:firebase-abt:21.1.1] AndroidManifest.xml:12:13-14:85
184                android:name="com.google.firebase.components:com.google.firebase.abt.component.AbtRegistrar"
184-->[com.google.firebase:firebase-abt:21.1.1] AndroidManifest.xml:13:17-109
185                android:value="com.google.firebase.components.ComponentRegistrar" />
185-->[com.google.firebase:firebase-abt:21.1.1] AndroidManifest.xml:14:17-82
186            <meta-data
186-->[com.google.firebase:firebase-analytics-ktx:22.0.0] AndroidManifest.xml:11:13-13:85
187                android:name="com.google.firebase.components:com.google.firebase.analytics.ktx.FirebaseAnalyticsLegacyRegistrar"
187-->[com.google.firebase:firebase-analytics-ktx:22.0.0] AndroidManifest.xml:12:17-129
188                android:value="com.google.firebase.components.ComponentRegistrar" />
188-->[com.google.firebase:firebase-analytics-ktx:22.0.0] AndroidManifest.xml:13:17-82
189            <meta-data
189-->[com.google.android.gms:play-services-measurement-api:22.0.0] AndroidManifest.xml:37:13-39:85
190                android:name="com.google.firebase.components:com.google.firebase.analytics.connector.internal.AnalyticsConnectorRegistrar"
190-->[com.google.android.gms:play-services-measurement-api:22.0.0] AndroidManifest.xml:38:17-139
191                android:value="com.google.firebase.components.ComponentRegistrar" />
191-->[com.google.android.gms:play-services-measurement-api:22.0.0] AndroidManifest.xml:39:17-82
192            <meta-data
192-->[com.google.firebase:firebase-installations:18.0.0] AndroidManifest.xml:15:13-17:85
193                android:name="com.google.firebase.components:com.google.firebase.installations.FirebaseInstallationsKtxRegistrar"
193-->[com.google.firebase:firebase-installations:18.0.0] AndroidManifest.xml:16:17-130
194                android:value="com.google.firebase.components.ComponentRegistrar" />
194-->[com.google.firebase:firebase-installations:18.0.0] AndroidManifest.xml:17:17-82
195            <meta-data
195-->[com.google.firebase:firebase-installations:18.0.0] AndroidManifest.xml:18:13-20:85
196                android:name="com.google.firebase.components:com.google.firebase.installations.FirebaseInstallationsRegistrar"
196-->[com.google.firebase:firebase-installations:18.0.0] AndroidManifest.xml:19:17-127
197                android:value="com.google.firebase.components.ComponentRegistrar" />
197-->[com.google.firebase:firebase-installations:18.0.0] AndroidManifest.xml:20:17-82
198            <meta-data
198-->[com.google.firebase:firebase-common-ktx:21.0.0] AndroidManifest.xml:12:13-14:85
199                android:name="com.google.firebase.components:com.google.firebase.ktx.FirebaseCommonLegacyRegistrar"
199-->[com.google.firebase:firebase-common-ktx:21.0.0] AndroidManifest.xml:13:17-116
200                android:value="com.google.firebase.components.ComponentRegistrar" />
200-->[com.google.firebase:firebase-common-ktx:21.0.0] AndroidManifest.xml:14:17-82
201            <meta-data
201-->[com.google.firebase:firebase-common:21.0.0] AndroidManifest.xml:35:13-37:85
202                android:name="com.google.firebase.components:com.google.firebase.FirebaseCommonKtxRegistrar"
202-->[com.google.firebase:firebase-common:21.0.0] AndroidManifest.xml:36:17-109
203                android:value="com.google.firebase.components.ComponentRegistrar" />
203-->[com.google.firebase:firebase-common:21.0.0] AndroidManifest.xml:37:17-82
204        </service>
205
206        <property
206-->[com.google.android.gms:play-services-measurement-api:22.0.0] AndroidManifest.xml:30:9-32:61
207            android:name="android.adservices.AD_SERVICES_CONFIG"
207-->[com.google.android.gms:play-services-measurement-api:22.0.0] AndroidManifest.xml:31:13-65
208            android:resource="@xml/ga_ad_services_config" />
208-->[com.google.android.gms:play-services-measurement-api:22.0.0] AndroidManifest.xml:32:13-58
209
210        <provider
210-->[com.google.firebase:firebase-common:21.0.0] AndroidManifest.xml:23:9-28:39
211            android:name="com.google.firebase.provider.FirebaseInitProvider"
211-->[com.google.firebase:firebase-common:21.0.0] AndroidManifest.xml:24:13-77
212            android:authorities="com.bluechip.finance.firebaseinitprovider"
212-->[com.google.firebase:firebase-common:21.0.0] AndroidManifest.xml:25:13-72
213            android:directBootAware="true"
213-->[com.google.firebase:firebase-common:21.0.0] AndroidManifest.xml:26:13-43
214            android:exported="false"
214-->[com.google.firebase:firebase-common:21.0.0] AndroidManifest.xml:27:13-37
215            android:initOrder="100" />
215-->[com.google.firebase:firebase-common:21.0.0] AndroidManifest.xml:28:13-36
216
217        <activity
217-->[com.google.android.gms:play-services-base:18.3.0] AndroidManifest.xml:20:9-22:45
218            android:name="com.google.android.gms.common.api.GoogleApiActivity"
218-->[com.google.android.gms:play-services-base:18.3.0] AndroidManifest.xml:20:19-85
219            android:exported="false"
219-->[com.google.android.gms:play-services-base:18.3.0] AndroidManifest.xml:22:19-43
220            android:theme="@android:style/Theme.Translucent.NoTitleBar" />
220-->[com.google.android.gms:play-services-base:18.3.0] AndroidManifest.xml:21:19-78
221
222        <service
222-->[androidx.work:work-runtime:2.9.0] AndroidManifest.xml:39:9-45:35
223            android:name="androidx.work.impl.background.systemalarm.SystemAlarmService"
223-->[androidx.work:work-runtime:2.9.0] AndroidManifest.xml:40:13-88
224            android:directBootAware="false"
224-->[androidx.work:work-runtime:2.9.0] AndroidManifest.xml:41:13-44
225            android:enabled="@bool/enable_system_alarm_service_default"
225-->[androidx.work:work-runtime:2.9.0] AndroidManifest.xml:42:13-72
226            android:exported="false" />
226-->[androidx.work:work-runtime:2.9.0] AndroidManifest.xml:43:13-37
227        <service
227-->[androidx.work:work-runtime:2.9.0] AndroidManifest.xml:46:9-52:35
228            android:name="androidx.work.impl.background.systemjob.SystemJobService"
228-->[androidx.work:work-runtime:2.9.0] AndroidManifest.xml:47:13-84
229            android:directBootAware="false"
229-->[androidx.work:work-runtime:2.9.0] AndroidManifest.xml:48:13-44
230            android:enabled="@bool/enable_system_job_service_default"
230-->[androidx.work:work-runtime:2.9.0] AndroidManifest.xml:49:13-70
231            android:exported="true"
231-->[androidx.work:work-runtime:2.9.0] AndroidManifest.xml:50:13-36
232            android:permission="android.permission.BIND_JOB_SERVICE" />
232-->[androidx.work:work-runtime:2.9.0] AndroidManifest.xml:51:13-69
233        <service
233-->[androidx.work:work-runtime:2.9.0] AndroidManifest.xml:53:9-59:35
234            android:name="androidx.work.impl.foreground.SystemForegroundService"
234-->[androidx.work:work-runtime:2.9.0] AndroidManifest.xml:54:13-81
235            android:directBootAware="false"
235-->[androidx.work:work-runtime:2.9.0] AndroidManifest.xml:55:13-44
236            android:enabled="@bool/enable_system_foreground_service_default"
236-->[androidx.work:work-runtime:2.9.0] AndroidManifest.xml:56:13-77
237            android:exported="false" />
237-->[androidx.work:work-runtime:2.9.0] AndroidManifest.xml:57:13-37
238
239        <receiver
239-->[androidx.work:work-runtime:2.9.0] AndroidManifest.xml:61:9-66:35
240            android:name="androidx.work.impl.utils.ForceStopRunnable$BroadcastReceiver"
240-->[androidx.work:work-runtime:2.9.0] AndroidManifest.xml:62:13-88
241            android:directBootAware="false"
241-->[androidx.work:work-runtime:2.9.0] AndroidManifest.xml:63:13-44
242            android:enabled="true"
242-->[androidx.work:work-runtime:2.9.0] AndroidManifest.xml:64:13-35
243            android:exported="false" />
243-->[androidx.work:work-runtime:2.9.0] AndroidManifest.xml:65:13-37
244        <receiver
244-->[androidx.work:work-runtime:2.9.0] AndroidManifest.xml:67:9-77:20
245            android:name="androidx.work.impl.background.systemalarm.ConstraintProxy$BatteryChargingProxy"
245-->[androidx.work:work-runtime:2.9.0] AndroidManifest.xml:68:13-106
246            android:directBootAware="false"
246-->[androidx.work:work-runtime:2.9.0] AndroidManifest.xml:69:13-44
247            android:enabled="false"
247-->[androidx.work:work-runtime:2.9.0] AndroidManifest.xml:70:13-36
248            android:exported="false" >
248-->[androidx.work:work-runtime:2.9.0] AndroidManifest.xml:71:13-37
249            <intent-filter>
249-->[androidx.work:work-runtime:2.9.0] AndroidManifest.xml:73:13-76:29
250                <action android:name="android.intent.action.ACTION_POWER_CONNECTED" />
250-->[androidx.work:work-runtime:2.9.0] AndroidManifest.xml:74:17-87
250-->[androidx.work:work-runtime:2.9.0] AndroidManifest.xml:74:25-84
251                <action android:name="android.intent.action.ACTION_POWER_DISCONNECTED" />
251-->[androidx.work:work-runtime:2.9.0] AndroidManifest.xml:75:17-90
251-->[androidx.work:work-runtime:2.9.0] AndroidManifest.xml:75:25-87
252            </intent-filter>
253        </receiver>
254        <receiver
254-->[androidx.work:work-runtime:2.9.0] AndroidManifest.xml:78:9-88:20
255            android:name="androidx.work.impl.background.systemalarm.ConstraintProxy$BatteryNotLowProxy"
255-->[androidx.work:work-runtime:2.9.0] AndroidManifest.xml:79:13-104
256            android:directBootAware="false"
256-->[androidx.work:work-runtime:2.9.0] AndroidManifest.xml:80:13-44
257            android:enabled="false"
257-->[androidx.work:work-runtime:2.9.0] AndroidManifest.xml:81:13-36
258            android:exported="false" >
258-->[androidx.work:work-runtime:2.9.0] AndroidManifest.xml:82:13-37
259            <intent-filter>
259-->[androidx.work:work-runtime:2.9.0] AndroidManifest.xml:84:13-87:29
260                <action android:name="android.intent.action.BATTERY_OKAY" />
260-->[androidx.work:work-runtime:2.9.0] AndroidManifest.xml:85:17-77